Removed Pin From Net: NetName=K2 Pin=U1-A2
Removed Pin From Net: NetName=5M Pin=U1-D4
Removed Pin From Net: NetName=5D Pin=U1-D5
Removed Pin From Net: NetName=ENTER Pin=U1-D6
Removed Pin From Net: NetName=MODE Pin=U1-D7
Removed Pin From Net: NetName=ESC Pin=U1-D8
Removed Pin From Net: NetName=K1 Pin=U1-D10
Removed Pin From Net: NetName=5U Pin=U1-D14
Removed Pin From Net: NetName=5L Pin=U1-D15
Removed Pin From Net: NetName=5R Pin=U1-D16
Added Pin To Net: NetName=K2 Pin=U1-A0
Added Pin To Net: NetName=5U Pin=U1-D4
Added Pin To Net: NetName=5R Pin=U1-D5
Added Pin To Net: NetName=5D Pin=U1-D6
Added Pin To Net: NetName=5L Pin=U1-D7
Added Pin To Net: NetName=5M Pin=U1-D8
Added Pin To Net: NetName=ESC Pin=U1-D10
Added Pin To Net: NetName=ENTER Pin=U1-D14
Added Pin To Net: NetName=K1 Pin=U1-D15
Added Pin To Net: NetName=MODE Pin=U1-D16
